Flow report for Project
Wed Apr 19 15:46:11 2017
Quartus II 64-Bit Version 14.0.0 Build 200 06/17/2014 SJ Web Edition


---------------------
; Table of Contents ;
---------------------
  1. Legal Notice
  2. Flow Summary
  3. Flow Settings
  4. Flow Non-Default Global Settings
  5. Flow Elapsed Time
  6. Flow OS Summary
  7. Flow Log
  8. Flow Messages
  9. Flow Suppressed Messages



----------------
; Legal Notice ;
----------------
Copyright (C) 1991-2014 Altera Corporation. All rights reserved.
Your use of Altera Corporation's design tools, logic functions 
and other software and tools, and its AMPP partner logic 
functions, and any output files from any of the foregoing 
(including device programming or simulation files), and any 
associated documentation or information are expressly subject 
to the terms and conditions of the Altera Program License 
Subscription Agreement, the Altera Quartus II License Agreement,
the Altera MegaCore Function License Agreement, or other 
applicable license agreement, including, without limitation, 
that your use is for the sole purpose of programming logic 
devices manufactured by Altera and sold by Altera or its 
authorized distributors.  Please refer to the applicable 
agreement for further details.



+------------------------------------------------------------------------------+
; Flow Summary                                                                 ;
+---------------------------------+--------------------------------------------+
; Flow Status                     ; Successful - Wed Apr 19 15:46:11 2017      ;
; Quartus II 64-Bit Version       ; 14.0.0 Build 200 06/17/2014 SJ Web Edition ;
; Revision Name                   ; Project                                    ;
; Top-level Entity Name           ; Project                                    ;
; Family                          ; Cyclone V                                  ;
; Device                          ; 5CEBA4F23C7                                ;
; Timing Models                   ; Final                                      ;
; Logic utilization (in ALMs)     ; 1,326 / 18,480 ( 7 % )                     ;
; Total registers                 ; 1210                                       ;
; Total pins                      ; 68 / 224 ( 30 % )                          ;
; Total virtual pins              ; 0                                          ;
; Total block memory bits         ; 525,312 / 3,153,920 ( 17 % )               ;
; Total DSP Blocks                ; 0 / 66 ( 0 % )                             ;
; Total HSSI RX PCSs              ; 0                                          ;
; Total HSSI PMA RX Deserializers ; 0                                          ;
; Total HSSI TX PCSs              ; 0                                          ;
; Total HSSI PMA TX Serializers   ; 0                                          ;
; Total PLLs                      ; 1 / 4 ( 25 % )                             ;
; Total DLLs                      ; 0 / 4 ( 0 % )                              ;
+---------------------------------+--------------------------------------------+


+-----------------------------------------+
; Flow Settings                           ;
+-------------------+---------------------+
; Option            ; Setting             ;
+-------------------+---------------------+
; Start date & time ; 04/19/2017 15:43:47 ;
; Main task         ; Compilation         ;
; Revision Name     ; Project             ;
+-------------------+---------------------+


+--------------------------------------------------------------------------------------------------------------------------------------------------------------------------------------------------------------------------------+
; Flow Non-Default Global Settings                                                                                                                                                                                               ;
+----------------------------------------------+----------------------------------------------------------------------------------------------------------------------------------+---------------+-------------+----------------+
; Assignment Name                              ; Value                                                                                                                            ; Default Value ; Entity Name ; Section Id     ;
+----------------------------------------------+----------------------------------------------------------------------------------------------------------------------------------+---------------+-------------+----------------+
; ALM_REGISTER_PACKING_EFFORT                  ; Low                                                                                                                              ; Medium        ; --          ; --             ;
; AUTO_DELAY_CHAINS_FOR_HIGH_FANOUT_INPUT_PINS ; On                                                                                                                               ; Off           ; --          ; --             ;
; COMPILER_SIGNATURE_ID                        ; 207120312942264.149263102707060                                                                                                  ; --            ; --          ; --             ;
; EDA_DESIGN_INSTANCE_NAME                     ; NA                                                                                                                               ; --            ; --          ; ProjectTest    ;
; EDA_NATIVELINK_SIMULATION_TEST_BENCH         ; ProjectTest                                                                                                                      ; --            ; --          ; eda_simulation ;
; EDA_OUTPUT_DATA_FORMAT                       ; Verilog Hdl                                                                                                                      ; --            ; --          ; eda_simulation ;
; EDA_SIMULATION_TOOL                          ; ModelSim-Altera (Verilog)                                                                                                        ; <None>        ; --          ; --             ;
; EDA_TEST_BENCH_ENABLE_STATUS                 ; TEST_BENCH_MODE                                                                                                                  ; --            ; --          ; eda_simulation ;
; EDA_TEST_BENCH_FILE                          ; ProjectTest.v                                                                                                                    ; --            ; --          ; ProjectTest    ;
; EDA_TEST_BENCH_MODULE_NAME                   ; ProjectTest                                                                                                                      ; --            ; --          ; ProjectTest    ;
; EDA_TEST_BENCH_NAME                          ; ProjectTest                                                                                                                      ; --            ; --          ; eda_simulation ;
; EDA_TIME_SCALE                               ; 1 ps                                                                                                                             ; --            ; --          ; eda_simulation ;
; ENABLE_DRC_SETTINGS                          ; On                                                                                                                               ; Off           ; --          ; --             ;
; FITTER_EFFORT                                ; Standard Fit                                                                                                                     ; Auto Fit      ; --          ; --             ;
; IP_COMPONENT_AUTHOR                          ; QWx0ZXJhIENvcnBvcmF0aW9u                                                                                                         ; --            ; Pll         ; --             ;
; IP_COMPONENT_AUTHOR                          ; QWx0ZXJhIENvcnBvcmF0aW9u                                                                                                         ; --            ; Pll100      ; --             ;
; IP_COMPONENT_AUTHOR                          ; QWx0ZXJhIENvcnBvcmF0aW9u                                                                                                         ; --            ; Pll100_0002 ; --             ;
; IP_COMPONENT_AUTHOR                          ; QWx0ZXJhIENvcnBvcmF0aW9u                                                                                                         ; --            ; Pll60       ; --             ;
; IP_COMPONENT_AUTHOR                          ; QWx0ZXJhIENvcnBvcmF0aW9u                                                                                                         ; --            ; Pll60_0002  ; --             ;
; IP_COMPONENT_AUTHOR                          ; QWx0ZXJhIENvcnBvcmF0aW9u                                                                                                         ; --            ; Pll70       ; --             ;
; IP_COMPONENT_AUTHOR                          ; QWx0ZXJhIENvcnBvcmF0aW9u                                                                                                         ; --            ; Pll70_0002  ; --             ;
; IP_COMPONENT_AUTHOR                          ; QWx0ZXJhIENvcnBvcmF0aW9u                                                                                                         ; --            ; Pll80       ; --             ;
; IP_COMPONENT_AUTHOR                          ; QWx0ZXJhIENvcnBvcmF0aW9u                                                                                                         ; --            ; Pll80_0002  ; --             ;
; IP_COMPONENT_AUTHOR                          ; QWx0ZXJhIENvcnBvcmF0aW9u                                                                                                         ; --            ; Pll_0002    ; --             ;
; IP_COMPONENT_DESCRIPTION                     ; QWx0ZXJhIFBoYXNlLUxvY2tlZCBMb29wIChBTFRFUkFfUExMKQ==                                                                             ; --            ; Pll         ; --             ;
; IP_COMPONENT_DESCRIPTION                     ; QWx0ZXJhIFBoYXNlLUxvY2tlZCBMb29wIChBTFRFUkFfUExMKQ==                                                                             ; --            ; Pll100      ; --             ;
; IP_COMPONENT_DESCRIPTION                     ; QWx0ZXJhIFBoYXNlLUxvY2tlZCBMb29wIChBTFRFUkFfUExMKQ==                                                                             ; --            ; Pll100_0002 ; --             ;
; IP_COMPONENT_DESCRIPTION                     ; QWx0ZXJhIFBoYXNlLUxvY2tlZCBMb29wIChBTFRFUkFfUExMKQ==                                                                             ; --            ; Pll60       ; --             ;
; IP_COMPONENT_DESCRIPTION                     ; QWx0ZXJhIFBoYXNlLUxvY2tlZCBMb29wIChBTFRFUkFfUExMKQ==                                                                             ; --            ; Pll60_0002  ; --             ;
; IP_COMPONENT_DESCRIPTION                     ; QWx0ZXJhIFBoYXNlLUxvY2tlZCBMb29wIChBTFRFUkFfUExMKQ==                                                                             ; --            ; Pll70       ; --             ;
; IP_COMPONENT_DESCRIPTION                     ; QWx0ZXJhIFBoYXNlLUxvY2tlZCBMb29wIChBTFRFUkFfUExMKQ==                                                                             ; --            ; Pll70_0002  ; --             ;
; IP_COMPONENT_DESCRIPTION                     ; QWx0ZXJhIFBoYXNlLUxvY2tlZCBMb29wIChBTFRFUkFfUExMKQ==                                                                             ; --            ; Pll80       ; --             ;
; IP_COMPONENT_DESCRIPTION                     ; QWx0ZXJhIFBoYXNlLUxvY2tlZCBMb29wIChBTFRFUkFfUExMKQ==                                                                             ; --            ; Pll80_0002  ; --             ;
; IP_COMPONENT_DESCRIPTION                     ; QWx0ZXJhIFBoYXNlLUxvY2tlZCBMb29wIChBTFRFUkFfUExMKQ==                                                                             ; --            ; Pll_0002    ; --             ;
; IP_COMPONENT_DISPLAY_NAME                    ; QWx0ZXJhIFBMTA==                                                                                                                 ; --            ; Pll         ; --             ;
; IP_COMPONENT_DISPLAY_NAME                    ; QWx0ZXJhIFBMTA==                                                                                                                 ; --            ; Pll100      ; --             ;
; IP_COMPONENT_DISPLAY_NAME                    ; QWx0ZXJhIFBMTA==                                                                                                                 ; --            ; Pll100_0002 ; --             ;
; IP_COMPONENT_DISPLAY_NAME                    ; QWx0ZXJhIFBMTA==                                                                                                                 ; --            ; Pll60       ; --             ;
; IP_COMPONENT_DISPLAY_NAME                    ; QWx0ZXJhIFBMTA==                                                                                                                 ; --            ; Pll60_0002  ; --             ;
; IP_COMPONENT_DISPLAY_NAME                    ; QWx0ZXJhIFBMTA==                                                                                                                 ; --            ; Pll70       ; --             ;
; IP_COMPONENT_DISPLAY_NAME                    ; QWx0ZXJhIFBMTA==                                                                                                                 ; --            ; Pll70_0002  ; --             ;
; IP_COMPONENT_DISPLAY_NAME                    ; QWx0ZXJhIFBMTA==                                                                                                                 ; --            ; Pll80       ; --             ;
; IP_COMPONENT_DISPLAY_NAME                    ; QWx0ZXJhIFBMTA==                                                                                                                 ; --            ; Pll80_0002  ; --             ;
; IP_COMPONENT_DISPLAY_NAME                    ; QWx0ZXJhIFBMTA==                                                                                                                 ; --            ; Pll_0002    ; --             ;
; IP_COMPONENT_INTERNAL                        ; Off                                                                                                                              ; Off           ; Pll         ; --             ;
; IP_COMPONENT_INTERNAL                        ; Off                                                                                                                              ; Off           ; Pll100      ; --             ;
; IP_COMPONENT_INTERNAL                        ; Off                                                                                                                              ; Off           ; Pll100_0002 ; --             ;
; IP_COMPONENT_INTERNAL                        ; Off                                                                                                                              ; Off           ; Pll60       ; --             ;
; IP_COMPONENT_INTERNAL                        ; Off                                                                                                                              ; Off           ; Pll60_0002  ; --             ;
; IP_COMPONENT_INTERNAL                        ; Off                                                                                                                              ; Off           ; Pll70       ; --             ;
; IP_COMPONENT_INTERNAL                        ; Off                                                                                                                              ; Off           ; Pll70_0002  ; --             ;
; IP_COMPONENT_INTERNAL                        ; Off                                                                                                                              ; Off           ; Pll80       ; --             ;
; IP_COMPONENT_INTERNAL                        ; Off                                                                                                                              ; Off           ; Pll80_0002  ; --             ;
; IP_COMPONENT_INTERNAL                        ; Off                                                                                                                              ; Off           ; Pll_0002    ; --             ;
; IP_COMPONENT_NAME                            ; UGxs                                                                                                                             ; --            ; Pll         ; --             ;
; IP_COMPONENT_NAME                            ; UGxsMTAw                                                                                                                         ; --            ; Pll100      ; --             ;
; IP_COMPONENT_NAME                            ; UGxsMTAwXzAwMDI=                                                                                                                 ; --            ; Pll100_0002 ; --             ;
; IP_COMPONENT_NAME                            ; UGxsNjA=                                                                                                                         ; --            ; Pll60       ; --             ;
; IP_COMPONENT_NAME                            ; UGxsNjBfMDAwMg==                                                                                                                 ; --            ; Pll60_0002  ; --             ;
; IP_COMPONENT_NAME                            ; UGxsNzA=                                                                                                                         ; --            ; Pll70       ; --             ;
; IP_COMPONENT_NAME                            ; UGxsNzBfMDAwMg==                                                                                                                 ; --            ; Pll70_0002  ; --             ;
; IP_COMPONENT_NAME                            ; UGxsODA=                                                                                                                         ; --            ; Pll80       ; --             ;
; IP_COMPONENT_NAME                            ; UGxsODBfMDAwMg==                                                                                                                 ; --            ; Pll80_0002  ; --             ;
; IP_COMPONENT_NAME                            ; UGxsXzAwMDI=                                                                                                                     ; --            ; Pll_0002    ; --             ;
; IP_COMPONENT_PARAMETER                       ; QVVUT19SRUZDTEtfQ0xPQ0tfUkFURQ==::LTE=::QXV0byBDTE9DS19SQVRF                                                                     ; --            ; Pll100_0002 ; --             ;
; IP_COMPONENT_PARAMETER                       ; QVVUT19SRUZDTEtfQ0xPQ0tfUkFURQ==::LTE=::QXV0byBDTE9DS19SQVRF                                                                     ; --            ; Pll60_0002  ; --             ;
; IP_COMPONENT_PARAMETER                       ; QVVUT19SRUZDTEtfQ0xPQ0tfUkFURQ==::LTE=::QXV0byBDTE9DS19SQVRF                                                                     ; --            ; Pll70_0002  ; --             ;
; IP_COMPONENT_PARAMETER                       ; QVVUT19SRUZDTEtfQ0xPQ0tfUkFURQ==::LTE=::QXV0byBDTE9DS19SQVRF                                                                     ; --            ; Pll80_0002  ; --             ;
; IP_COMPONENT_PARAMETER                       ; Z3VpX2VuYWJsZV9jYXNjYWRlX2lu::ZmFsc2U=::Q3JlYXRlIGFuIGFkanBsbGluIG9yIGNjbGsgc2lnbmFsIHRvIGNvbm5lY3Qgd2l0aCBhbiB1cHN0cmVhbSBQTEw= ; --            ; Pll_0002    ; --             ;
; IP_COMPONENT_REPORT_HIERARCHY                ; Off                                                                                                                              ; Off           ; Pll         ; --             ;
; IP_COMPONENT_REPORT_HIERARCHY                ; Off                                                                                                                              ; Off           ; Pll100      ; --             ;
; IP_COMPONENT_REPORT_HIERARCHY                ; Off                                                                                                                              ; Off           ; Pll100_0002 ; --             ;
; IP_COMPONENT_REPORT_HIERARCHY                ; Off                                                                                                                              ; Off           ; Pll60       ; --             ;
; IP_COMPONENT_REPORT_HIERARCHY                ; Off                                                                                                                              ; Off           ; Pll60_0002  ; --             ;
; IP_COMPONENT_REPORT_HIERARCHY                ; Off                                                                                                                              ; Off           ; Pll70       ; --             ;
; IP_COMPONENT_REPORT_HIERARCHY                ; Off                                                                                                                              ; Off           ; Pll70_0002  ; --             ;
; IP_COMPONENT_REPORT_HIERARCHY                ; Off                                                                                                                              ; Off           ; Pll80       ; --             ;
; IP_COMPONENT_REPORT_HIERARCHY                ; Off                                                                                                                              ; Off           ; Pll80_0002  ; --             ;
; IP_COMPONENT_REPORT_HIERARCHY                ; Off                                                                                                                              ; Off           ; Pll_0002    ; --             ;
; IP_COMPONENT_VERSION                         ; MTUuMQ==                                                                                                                         ; --            ; Pll         ; --             ;
; IP_COMPONENT_VERSION                         ; MTQuMA==                                                                                                                         ; --            ; Pll100      ; --             ;
; IP_COMPONENT_VERSION                         ; MTQuMA==                                                                                                                         ; --            ; Pll100_0002 ; --             ;
; IP_COMPONENT_VERSION                         ; MTQuMA==                                                                                                                         ; --            ; Pll60       ; --             ;
; IP_COMPONENT_VERSION                         ; MTQuMA==                                                                                                                         ; --            ; Pll60_0002  ; --             ;
; IP_COMPONENT_VERSION                         ; MTQuMA==                                                                                                                         ; --            ; Pll70       ; --             ;
; IP_COMPONENT_VERSION                         ; MTQuMA==                                                                                                                         ; --            ; Pll70_0002  ; --             ;
; IP_COMPONENT_VERSION                         ; MTQuMA==                                                                                                                         ; --            ; Pll80       ; --             ;
; IP_COMPONENT_VERSION                         ; MTQuMA==                                                                                                                         ; --            ; Pll80_0002  ; --             ;
; IP_COMPONENT_VERSION                         ; MTUuMQ==                                                                                                                         ; --            ; Pll_0002    ; --             ;
; IP_GENERATED_DEVICE_FAMILY                   ; {Cyclone V}                                                                                                                      ; --            ; Pll         ; --             ;
; IP_GENERATED_DEVICE_FAMILY                   ; {Cyclone V}                                                                                                                      ; --            ; Pll100      ; --             ;
; IP_GENERATED_DEVICE_FAMILY                   ; {Cyclone V}                                                                                                                      ; --            ; Pll60       ; --             ;
; IP_GENERATED_DEVICE_FAMILY                   ; {Cyclone V}                                                                                                                      ; --            ; Pll70       ; --             ;
; IP_GENERATED_DEVICE_FAMILY                   ; {Cyclone V}                                                                                                                      ; --            ; Pll80       ; --             ;
; IP_QSYS_MODE                                 ; UNKNOWN                                                                                                                          ; --            ; Pll         ; --             ;
; IP_QSYS_MODE                                 ; UNKNOWN                                                                                                                          ; --            ; Pll100      ; --             ;
; IP_QSYS_MODE                                 ; UNKNOWN                                                                                                                          ; --            ; Pll60       ; --             ;
; IP_QSYS_MODE                                 ; UNKNOWN                                                                                                                          ; --            ; Pll70       ; --             ;
; IP_QSYS_MODE                                 ; UNKNOWN                                                                                                                          ; --            ; Pll80       ; --             ;
; IP_TARGETED_DEVICE_FAMILY                    ; Cyclone V                                                                                                                        ; --            ; Pll         ; --             ;
; IP_TARGETED_DEVICE_FAMILY                    ; Cyclone V                                                                                                                        ; --            ; Pll100      ; --             ;
; IP_TARGETED_DEVICE_FAMILY                    ; Cyclone V                                                                                                                        ; --            ; Pll60       ; --             ;
; IP_TARGETED_DEVICE_FAMILY                    ; Cyclone V                                                                                                                        ; --            ; Pll70       ; --             ;
; IP_TARGETED_DEVICE_FAMILY                    ; Cyclone V                                                                                                                        ; --            ; Pll80       ; --             ;
; IP_TOOL_ENV                                  ; mwpim                                                                                                                            ; --            ; Pll         ; --             ;
; IP_TOOL_ENV                                  ; mwpim                                                                                                                            ; --            ; Pll         ; --             ;
; IP_TOOL_ENV                                  ; mwpim                                                                                                                            ; --            ; Pll100      ; --             ;
; IP_TOOL_ENV                                  ; mwpim                                                                                                                            ; --            ; Pll100      ; --             ;
; IP_TOOL_ENV                                  ; mwpim                                                                                                                            ; --            ; Pll100_0002 ; --             ;
; IP_TOOL_ENV                                  ; mwpim                                                                                                                            ; --            ; Pll60       ; --             ;
; IP_TOOL_ENV                                  ; mwpim                                                                                                                            ; --            ; Pll60       ; --             ;
; IP_TOOL_ENV                                  ; mwpim                                                                                                                            ; --            ; Pll60_0002  ; --             ;
; IP_TOOL_ENV                                  ; mwpim                                                                                                                            ; --            ; Pll70       ; --             ;
; IP_TOOL_ENV                                  ; mwpim                                                                                                                            ; --            ; Pll70       ; --             ;
; IP_TOOL_ENV                                  ; mwpim                                                                                                                            ; --            ; Pll70_0002  ; --             ;
; IP_TOOL_ENV                                  ; mwpim                                                                                                                            ; --            ; Pll80       ; --             ;
; IP_TOOL_ENV                                  ; mwpim                                                                                                                            ; --            ; Pll80       ; --             ;
; IP_TOOL_ENV                                  ; mwpim                                                                                                                            ; --            ; Pll80_0002  ; --             ;
; IP_TOOL_ENV                                  ; mwpim                                                                                                                            ; --            ; Pll_0002    ; --             ;
; IP_TOOL_NAME                                 ; altera_pll                                                                                                                       ; --            ; Pll         ; --             ;
; IP_TOOL_NAME                                 ; altera_pll                                                                                                                       ; --            ; Pll         ; --             ;
; IP_TOOL_NAME                                 ; altera_pll                                                                                                                       ; --            ; Pll100      ; --             ;
; IP_TOOL_NAME                                 ; altera_pll                                                                                                                       ; --            ; Pll100      ; --             ;
; IP_TOOL_NAME                                 ; altera_pll                                                                                                                       ; --            ; Pll100_0002 ; --             ;
; IP_TOOL_NAME                                 ; altera_pll                                                                                                                       ; --            ; Pll60       ; --             ;
; IP_TOOL_NAME                                 ; altera_pll                                                                                                                       ; --            ; Pll60       ; --             ;
; IP_TOOL_NAME                                 ; altera_pll                                                                                                                       ; --            ; Pll60_0002  ; --             ;
; IP_TOOL_NAME                                 ; altera_pll                                                                                                                       ; --            ; Pll70       ; --             ;
; IP_TOOL_NAME                                 ; altera_pll                                                                                                                       ; --            ; Pll70       ; --             ;
; IP_TOOL_NAME                                 ; altera_pll                                                                                                                       ; --            ; Pll70_0002  ; --             ;
; IP_TOOL_NAME                                 ; altera_pll                                                                                                                       ; --            ; Pll80       ; --             ;
; IP_TOOL_NAME                                 ; altera_pll                                                                                                                       ; --            ; Pll80       ; --             ;
; IP_TOOL_NAME                                 ; altera_pll                                                                                                                       ; --            ; Pll80_0002  ; --             ;
; IP_TOOL_NAME                                 ; altera_pll                                                                                                                       ; --            ; Pll_0002    ; --             ;
; IP_TOOL_VERSION                              ; 15.1                                                                                                                             ; --            ; Pll         ; --             ;
; IP_TOOL_VERSION                              ; 15.1                                                                                                                             ; --            ; Pll         ; --             ;
; IP_TOOL_VERSION                              ; 14.0                                                                                                                             ; --            ; Pll100      ; --             ;
; IP_TOOL_VERSION                              ; 14.0                                                                                                                             ; --            ; Pll100      ; --             ;
; IP_TOOL_VERSION                              ; 14.0                                                                                                                             ; --            ; Pll100_0002 ; --             ;
; IP_TOOL_VERSION                              ; 14.0                                                                                                                             ; --            ; Pll60       ; --             ;
; IP_TOOL_VERSION                              ; 14.0                                                                                                                             ; --            ; Pll60       ; --             ;
; IP_TOOL_VERSION                              ; 14.0                                                                                                                             ; --            ; Pll60_0002  ; --             ;
; IP_TOOL_VERSION                              ; 14.0                                                                                                                             ; --            ; Pll70       ; --             ;
; IP_TOOL_VERSION                              ; 14.0                                                                                                                             ; --            ; Pll70       ; --             ;
; IP_TOOL_VERSION                              ; 14.0                                                                                                                             ; --            ; Pll70_0002  ; --             ;
; IP_TOOL_VERSION                              ; 14.0                                                                                                                             ; --            ; Pll80       ; --             ;
; IP_TOOL_VERSION                              ; 14.0                                                                                                                             ; --            ; Pll80       ; --             ;
; IP_TOOL_VERSION                              ; 14.0                                                                                                                             ; --            ; Pll80_0002  ; --             ;
; IP_TOOL_VERSION                              ; 15.1                                                                                                                             ; --            ; Pll_0002    ; --             ;
; MAX_CORE_JUNCTION_TEMP                       ; 85                                                                                                                               ; --            ; --          ; --             ;
; MIN_CORE_JUNCTION_TEMP                       ; 0                                                                                                                                ; --            ; --          ; --             ;
; MISC_FILE                                    ; Pll.cmp                                                                                                                          ; --            ; --          ; --             ;
; MISC_FILE                                    ; Pll_sim/Pll.vo                                                                                                                   ; --            ; --          ; --             ;
; MISC_FILE                                    ; Pll60.cmp                                                                                                                        ; --            ; --          ; --             ;
; MISC_FILE                                    ; Pll60_sim/Pll60.vo                                                                                                               ; --            ; --          ; --             ;
; MISC_FILE                                    ; Pll70.cmp                                                                                                                        ; --            ; --          ; --             ;
; MISC_FILE                                    ; Pll70_sim/Pll70.vo                                                                                                               ; --            ; --          ; --             ;
; MISC_FILE                                    ; Pll80.cmp                                                                                                                        ; --            ; --          ; --             ;
; MISC_FILE                                    ; Pll80_sim/Pll80.vo                                                                                                               ; --            ; --          ; --             ;
; MISC_FILE                                    ; Pll100.cmp                                                                                                                       ; --            ; --          ; --             ;
; MISC_FILE                                    ; Pll100_sim/Pll100.vo                                                                                                             ; --            ; --          ; --             ;
; MUX_RESTRUCTURE                              ; Off                                                                                                                              ; Auto          ; --          ; --             ;
; OPTIMIZATION_TECHNIQUE                       ; Speed                                                                                                                            ; Balanced      ; --          ; --             ;
; PARTITION_COLOR                              ; 16764057                                                                                                                         ; --            ; --          ; Top            ;
; PARTITION_FITTER_PRESERVATION_LEVEL          ; PLACEMENT_AND_ROUTING                                                                                                            ; --            ; --          ; Top            ;
; PARTITION_NETLIST_TYPE                       ; SOURCE                                                                                                                           ; --            ; --          ; Top            ;
; PHYSICAL_SYNTHESIS_COMBO_LOGIC               ; On                                                                                                                               ; Off           ; --          ; --             ;
; PHYSICAL_SYNTHESIS_COMBO_LOGIC_FOR_AREA      ; On                                                                                                                               ; Off           ; --          ; --             ;
; PHYSICAL_SYNTHESIS_EFFORT                    ; Extra                                                                                                                            ; Normal        ; --          ; --             ;
; PHYSICAL_SYNTHESIS_REGISTER_DUPLICATION      ; On                                                                                                                               ; Off           ; --          ; --             ;
; PHYSICAL_SYNTHESIS_REGISTER_RETIMING         ; On                                                                                                                               ; Off           ; --          ; --             ;
; PLACEMENT_EFFORT_MULTIPLIER                  ; 4.0                                                                                                                              ; 1.0           ; --          ; --             ;
; POWER_BOARD_THERMAL_MODEL                    ; None (CONSERVATIVE)                                                                                                              ; --            ; --          ; --             ;
; POWER_PRESET_COOLING_SOLUTION                ; No Heat Sink With Still Air                                                                                                      ; --            ; --          ; --             ;
; PRE_MAPPING_RESYNTHESIS                      ; On                                                                                                                               ; Off           ; --          ; --             ;
; REMOVE_REDUNDANT_LOGIC_CELLS                 ; On                                                                                                                               ; Off           ; --          ; --             ;
; ROUTER_CLOCKING_TOPOLOGY_ANALYSIS            ; On                                                                                                                               ; Off           ; --          ; --             ;
; ROUTER_TIMING_OPTIMIZATION_LEVEL             ; MAXIMUM                                                                                                                          ; Normal        ; --          ; --             ;
; SMART_RECOMPILE                              ; On                                                                                                                               ; Off           ; --          ; --             ;
; SPD_FILE                                     ; Pll.spd                                                                                                                          ; --            ; --          ; --             ;
; SPD_FILE                                     ; Pll60.spd                                                                                                                        ; --            ; --          ; --             ;
; SPD_FILE                                     ; Pll70.spd                                                                                                                        ; --            ; --          ; --             ;
; SPD_FILE                                     ; Pll80.spd                                                                                                                        ; --            ; --          ; --             ;
; SPD_FILE                                     ; Pll100.spd                                                                                                                       ; --            ; --          ; --             ;
; SYNCHRONIZER_IDENTIFICATION                  ; Auto                                                                                                                             ; Off           ; --          ; --             ;
; SYNTHESIS_ONLY_QIP                           ; On                                                                                                                               ; --            ; --          ; --             ;
; SYNTHESIS_ONLY_QIP                           ; On                                                                                                                               ; --            ; --          ; --             ;
; SYNTHESIS_ONLY_QIP                           ; On                                                                                                                               ; --            ; --          ; --             ;
; SYNTHESIS_ONLY_QIP                           ; On                                                                                                                               ; --            ; --          ; --             ;
; SYNTHESIS_ONLY_QIP                           ; On                                                                                                                               ; --            ; --          ; --             ;
+----------------------------------------------+----------------------------------------------------------------------------------------------------------------------------------+---------------+-------------+----------------+


+-------------------------------------------------------------------------------------------------------------------------------+
; Flow Elapsed Time                                                                                                             ;
+---------------------------+--------------+-------------------------+---------------------+------------------------------------+
; Module Name               ; Elapsed Time ; Average Processors Used ; Peak Virtual Memory ; Total CPU Time (on all processors) ;
+---------------------------+--------------+-------------------------+---------------------+------------------------------------+
; Analysis & Synthesis      ; 00:00:17     ; 1.0                     ; 770 MB              ; 00:00:15                           ;
; Fitter                    ; 00:01:28     ; 1.0                     ; 1428 MB             ; 00:01:23                           ;
; Assembler                 ; 00:00:06     ; 1.0                     ; 664 MB              ; 00:00:06                           ;
; TimeQuest Timing Analyzer ; 00:00:17     ; 1.0                     ; 903 MB              ; 00:00:16                           ;
; Design Assistant          ; 00:00:02     ; 1.0                     ; 576 MB              ; 00:00:02                           ;
; EDA Netlist Writer        ; 00:00:02     ; 1.0                     ; 647 MB              ; 00:00:02                           ;
; Total                     ; 00:02:12     ; --                      ; --                  ; 00:02:04                           ;
+---------------------------+--------------+-------------------------+---------------------+------------------------------------+


+----------------------------------------------------------------------------------------+
; Flow OS Summary                                                                        ;
+---------------------------+------------------+-----------+------------+----------------+
; Module Name               ; Machine Hostname ; OS Name   ; OS Version ; Processor type ;
+---------------------------+------------------+-----------+------------+----------------+
; Analysis & Synthesis      ; SirFattie        ; Windows 7 ; 6.2        ; x86_64         ;
; Fitter                    ; SirFattie        ; Windows 7 ; 6.2        ; x86_64         ;
; Assembler                 ; SirFattie        ; Windows 7 ; 6.2        ; x86_64         ;
; TimeQuest Timing Analyzer ; SirFattie        ; Windows 7 ; 6.2        ; x86_64         ;
; Design Assistant          ; SirFattie        ; Windows 7 ; 6.2        ; x86_64         ;
; EDA Netlist Writer        ; SirFattie        ; Windows 7 ; 6.2        ; x86_64         ;
+---------------------------+------------------+-----------+------------+----------------+


------------
; Flow Log ;
------------
quartus_map --read_settings_files=on --write_settings_files=off Project -c Project
quartus_fit --read_settings_files=off --write_settings_files=off Project -c Project
quartus_asm --read_settings_files=off --write_settings_files=off Project -c Project
quartus_sta Project -c Project
quartus_drc --read_settings_files=off --write_settings_files=off Project -c Project
quartus_eda --read_settings_files=off --write_settings_files=off Project -c Project



